INFO:  2022-10-17 13:26:05,806 - sparkmonitorkernel - 462 - MainProcess -         140097264068416 - MainThread
 Starting Kernel Extension 

INFO:  2022-10-17 13:26:05,806 - sparkmonitorkernel - 462 - MainProcess -         140097264068416 - MainThread
 Socket Listening on port 45743 

INFO:  2022-10-17 13:26:05,807 - sparkmonitorkernel - 462 - MainProcess -         140087698347712 - Thread-3
 Starting socket thread, going to accept 

INFO:  2022-10-17 13:26:05,807 - sparkmonitorkernel - 462 - MainProcess -         140097264068416 - MainThread
 45743 

INFO:  2022-10-17 13:26:05,808 - sparkmonitorkernel - 462 - MainProcess -         140097264068416 - MainThread
 Adding jar from /opt/conda/lib/python3.10/site-packages/sparkmonitor/listener.jar  

INFO:  2022-10-17 13:26:05,913 - sparkmonitorkernel - 462 - MainProcess -         140097264068416 - MainThread
 COMM OPENED MESSAGE: 
 {'header': {'date': datetime.datetime(2022, 10, 17, 11, 26, 5, 843000, tzinfo=tzutc()), 'msg_id': '2c17c278-82a4-423e-95f6-fcf2de7b8234', 'msg_type': 'comm_open', 'session': '7e0b940f-d3b9-4910-b240-afd50abc80be', 'username': '', 'version': '5.2'}, 'msg_id': '2c17c278-82a4-423e-95f6-fcf2de7b8234', 'msg_type': 'comm_open', 'parent_header': {}, 'metadata': {}, 'content': {'comm_id': '63b820ed-5338-4b3e-bbce-44003682c9c5', 'target_name': 'SparkMonitor', 'data': {'msgtype': 'openfromfrontend'}}, 'buffers': []} 
 

INFO:  2022-10-17 13:26:05,918 - sparkmonitorkernel - 462 - MainProcess -         140097264068416 - MainThread
 COMM OPENED MESSAGE: 
 {'header': {'date': datetime.datetime(2022, 10, 17, 11, 26, 5, 844000, tzinfo=tzutc()), 'msg_id': 'ceda82b3-67b1-4946-9b2b-ba3ee2b366da', 'msg_type': 'comm_open', 'session': '7e0b940f-d3b9-4910-b240-afd50abc80be', 'username': '', 'version': '5.2'}, 'msg_id': 'ceda82b3-67b1-4946-9b2b-ba3ee2b366da', 'msg_type': 'comm_open', 'parent_header': {}, 'metadata': {}, 'content': {'comm_id': 'dad69733-63a0-4255-b70a-f915e2b101f8', 'target_name': 'SparkMonitor', 'data': {'msgtype': 'openfromfrontend'}}, 'buffers': []} 
 

INFO:  2022-10-17 13:26:08,719 - sparkmonitorkernel - 462 - MainProcess -         140097264068416 - MainThread
 COMM OPENED MESSAGE: 
 {'header': {'date': datetime.datetime(2022, 10, 17, 11, 26, 8, 646000, tzinfo=tzutc()), 'msg_id': 'ff8d0799-1765-49fd-91b7-d30e4098680e', 'msg_type': 'comm_open', 'session': 'bcee9ef9-d41a-44c2-b993-d87320aaa1a1', 'username': '', 'version': '5.2'}, 'msg_id': 'ff8d0799-1765-49fd-91b7-d30e4098680e', 'msg_type': 'comm_open', 'parent_header': {}, 'metadata': {}, 'content': {'comm_id': '6570662f-2ca8-4bc2-b837-99da720da26c', 'target_name': 'SparkMonitor', 'data': {'msgtype': 'openfromfrontend'}}, 'buffers': []} 
 

INFO:  2022-10-17 13:26:08,724 - sparkmonitorkernel - 462 - MainProcess -         140097264068416 - MainThread
 COMM OPENED MESSAGE: 
 {'header': {'date': datetime.datetime(2022, 10, 17, 11, 26, 8, 646000, tzinfo=tzutc()), 'msg_id': '1f9ee889-6e0b-4908-ace0-d6912406246b', 'msg_type': 'comm_open', 'session': 'bcee9ef9-d41a-44c2-b993-d87320aaa1a1', 'username': '', 'version': '5.2'}, 'msg_id': '1f9ee889-6e0b-4908-ace0-d6912406246b', 'msg_type': 'comm_open', 'parent_header': {}, 'metadata': {}, 'content': {'comm_id': '28f416fe-6fdc-4abc-a999-e92878b21d7f', 'target_name': 'SparkMonitor', 'data': {'msgtype': 'openfromfrontend'}}, 'buffers': []} 
 

